<?xml version="1.0" encoding="UTF-8"?>
<testng-results skipped="0" failed="0" ignored="0" total="1" passed="1">
  <reporter-output>
  </reporter-output>
  <suite name="Default suite" duration-ms="22677" started-at="2020-07-22T23:16:30 PDT" finished-at="2020-07-22T23:16:53 PDT">
    <groups>
    </groups>
    <test name="Default test" duration-ms="22677" started-at="2020-07-22T23:16:30 PDT" finished-at="2020-07-22T23:16:53 PDT">
      <class name="pageTest.MainPage">
        <test-method status="PASS" signature="LaunchPage()[pri:0, instance:pageTest.MainPage@614ddd49]" name="LaunchPage" duration-ms="22531" started-at="2020-07-22T23:16:30 PDT" finished-at="2020-07-22T23:16:53 PDT">
          <reporter-output>
          </reporter-output>
        </test-method> <!-- LaunchPage -->
      </class> <!-- pageTest.MainPage -->
    </test> <!-- Default test -->
  </suite> <!-- Default suite -->
</testng-results>
