<?xml version="1.0" encoding="UTF-8"?>
<testng-results skipped="0" failed="0" ignored="0" total="2" passed="2">
  <reporter-output>
  </reporter-output>
  <suite name="Default suite" duration-ms="33037" started-at="2020-08-24T11:16:24 SGT" finished-at="2020-08-24T11:16:57 SGT">
    <groups>
    </groups>
    <test name="Default test" duration-ms="33037" started-at="2020-08-24T11:16:24 SGT" finished-at="2020-08-24T11:16:57 SGT">
      <class name="pageTest.MainPage">
        <test-method status="PASS" signature="LaunchPage()[pri:0, instance:pageTest.MainPage@10bbd20a]" name="LaunchPage" is-config="true" duration-ms="15406" started-at="2020-08-24T11:16:24 SGT" finished-at="2020-08-24T11:16:39 SGT">
          <reporter-output>
          </reporter-output>
        </test-method> <!-- LaunchPage -->
        <test-method status="PASS" signature="selectBlouse()[pri:1, instance:pageTest.MainPage@10bbd20a]" name="selectBlouse" duration-ms="5505" started-at="2020-08-24T11:16:39 SGT" finished-at="2020-08-24T11:16:45 SGT">
          <reporter-output>
          </reporter-output>
        </test-method> <!-- selectBlouse -->
        <test-method status="PASS" signature="addToCart()[pri:2, instance:pageTest.MainPage@10bbd20a]" name="addToCart" duration-ms="12070" started-at="2020-08-24T11:16:45 SGT" finished-at="2020-08-24T11:16:57 SGT">
          <reporter-output>
          </reporter-output>
        </test-method> <!-- addToCart -->
      </class> <!-- pageTest.MainPage -->
    </test> <!-- Default test -->
  </suite> <!-- Default suite -->
</testng-results>
