<?xml version="1.0" encoding="UTF-8"?>
<testng-results skipped="0" failed="0" ignored="0" total="1" passed="1">
  <reporter-output>
  </reporter-output>
  <suite name="Default suite" duration-ms="20340" started-at="2020-08-12T13:45:37 SGT" finished-at="2020-08-12T13:45:58 SGT">
    <groups>
    </groups>
    <test name="Default test" duration-ms="20340" started-at="2020-08-12T13:45:37 SGT" finished-at="2020-08-12T13:45:58 SGT">
      <class name="tests.CalculatorDemo">
        <test-method status="PASS" signature="setUp()[pri:0, instance:tests.CalculatorDemo@59e5ddf]" name="setUp" is-config="true" duration-ms="16304" started-at="2020-08-12T13:45:37 SGT" finished-at="2020-08-12T13:45:54 SGT">
          <reporter-output>
          </reporter-output>
        </test-method> <!-- setUp -->
        <test-method status="PASS" signature="testCal()[pri:0, instance:tests.CalculatorDemo@59e5ddf]" name="testCal" duration-ms="3957" started-at="2020-08-12T13:45:54 SGT" finished-at="2020-08-12T13:45:58 SGT">
          <reporter-output>
          </reporter-output>
        </test-method> <!-- testCal -->
      </class> <!-- tests.CalculatorDemo -->
    </test> <!-- Default test -->
  </suite> <!-- Default suite -->
</testng-results>
