<?xml version="1.0" encoding="UTF-8"?>
<testng-results skipped="0" failed="0" ignored="0" total="2" passed="2">
  <reporter-output>
  </reporter-output>
  <suite name="Default suite" duration-ms="21600" started-at="2020-08-12T11:25:20 SGT" finished-at="2020-08-12T11:25:42 SGT">
    <groups>
    </groups>
    <test name="Default test" duration-ms="21600" started-at="2020-08-12T11:25:20 SGT" finished-at="2020-08-12T11:25:42 SGT">
      <class name="pageTest.SignInPageTest">
        <test-method status="PASS" signature="LoginInValidUser()[pri:0, instance:pageTest.SignInPageTest@53f65459]" name="LoginInValidUser" duration-ms="21445" started-at="2020-08-12T11:25:20 SGT" finished-at="2020-08-12T11:25:42 SGT">
          <reporter-output>
          </reporter-output>
        </test-method> <!-- LoginInValidUser -->
        <test-method status="PASS" signature="ValidateUser()[pri:0, instance:pageTest.SignInPageTest@53f65459]" name="ValidateUser" duration-ms="100" started-at="2020-08-12T11:25:42 SGT" finished-at="2020-08-12T11:25:42 SGT">
          <reporter-output>
          </reporter-output>
        </test-method> <!-- ValidateUser -->
      </class> <!-- pageTest.SignInPageTest -->
    </test> <!-- Default test -->
  </suite> <!-- Default suite -->
</testng-results>
