<?xml version="1.0" encoding="UTF-8"?>
<testng-results skipped="0" failed="0" ignored="0" total="1" passed="1">
  <reporter-output>
  </reporter-output>
  <suite name="Suite" duration-ms="16761" started-at="2020-08-07T19:24:07 SGT" finished-at="2020-08-07T19:24:24 SGT">
    <groups>
    </groups>
    <test name="HelloWorldTest" duration-ms="16761" started-at="2020-08-07T19:24:07 SGT" finished-at="2020-08-07T19:24:24 SGT">
      <class name="InitialTest.HelloWorld">
        <test-method status="PASS" signature="InitialTest()[pri:0, instance:InitialTest.HelloWorld@3fd7a715]" name="InitialTest" duration-ms="16711" started-at="2020-08-07T19:24:07 SGT" finished-at="2020-08-07T19:24:24 SGT">
          <reporter-output>
          </reporter-output>
        </test-method> <!-- InitialTest -->
      </class> <!-- InitialTest.HelloWorld -->
    </test> <!-- HelloWorldTest -->
  </suite> <!-- Suite -->
</testng-results>
