<?xml version="1.0" encoding="UTF-8"?>
<testng-results skipped="0" failed="0" ignored="0" total="1" passed="1">
  <reporter-output>
  </reporter-output>
  <suite name="Default suite" duration-ms="67810" started-at="2020-07-22T21:03:07 PDT" finished-at="2020-07-22T21:04:15 PDT">
    <groups>
    </groups>
    <test name="Default test" duration-ms="67810" started-at="2020-07-22T21:03:07 PDT" finished-at="2020-07-22T21:04:15 PDT">
      <class name="testPage.MainPage">
        <test-method status="PASS" signature="LaunchBrowser()[pri:0, instance:testPage.MainPage@1e6d1014]" name="LaunchBrowser" duration-ms="67609" started-at="2020-07-22T21:03:07 PDT" finished-at="2020-07-22T21:04:15 PDT">
          <reporter-output>
          </reporter-output>
        </test-method> <!-- LaunchBrowser -->
      </class> <!-- testPage.MainPage -->
    </test> <!-- Default test -->
  </suite> <!-- Default suite -->
</testng-results>
