<?xml version="1.0" encoding="UTF-8"?>
<testng-results skipped="0" failed="0" ignored="0" total="1" passed="1">
  <reporter-output>
  </reporter-output>
  <suite name="Default suite" duration-ms="175972" started-at="2020-07-22T18:29:20 PDT" finished-at="2020-07-22T18:32:16 PDT">
    <groups>
    </groups>
    <test name="Default test" duration-ms="175972" started-at="2020-07-22T18:29:20 PDT" finished-at="2020-07-22T18:32:16 PDT">
      <class name="testPage.OpenBrowser">
        <test-method status="PASS" signature="main()[pri:0, instance:testPage.OpenBrowser@4f063c0a]" name="main" duration-ms="175686" started-at="2020-07-22T18:29:20 PDT" finished-at="2020-07-22T18:32:16 PDT">
          <reporter-output>
          </reporter-output>
        </test-method> <!-- main -->
      </class> <!-- testPage.OpenBrowser -->
    </test> <!-- Default test -->
  </suite> <!-- Default suite -->
</testng-results>
