<?xml version="1.0" encoding="UTF-8"?>
<testng-results skipped="0" failed="0" ignored="0" total="1" passed="1">
  <reporter-output>
  </reporter-output>
  <suite name="Default suite" duration-ms="921" started-at="2020-07-21T02:55:56 PDT" finished-at="2020-07-21T02:55:57 PDT">
    <groups>
    </groups>
    <test name="Default test" duration-ms="921" started-at="2020-07-21T02:55:56 PDT" finished-at="2020-07-21T02:55:57 PDT">
      <class name="automation.sample.automation.se.HelloWorld">
        <test-method status="PASS" signature="f()[pri:0, instance:automation.sample.automation.se.HelloWorld@18078bef]" name="f" duration-ms="90" started-at="2020-07-21T02:55:57 PDT" finished-at="2020-07-21T02:55:57 PDT">
          <reporter-output>
          </reporter-output>
        </test-method> <!-- f -->
      </class> <!-- automation.sample.automation.se.HelloWorld -->
    </test> <!-- Default test -->
  </suite> <!-- Default suite -->
</testng-results>
